<?xml version="1.0" encoding="UTF-8"?>
<testng-results skipped="0" failed="1" ignored="0" total="4" passed="3">
  <reporter-output>
  </reporter-output>
  <suite name="Cucumber Suite" duration-ms="269593" started-at="2017-05-31T08:06:41Z" finished-at="2017-05-31T08:11:10Z">
    <groups>
      <group name="cucumber">
        <method signature="AbstractTestNGCucumberTests.feature(cucumber.api.testng.CucumberFeatureWrapper)[pri:0, instance:com.testrunner.TestRunner@1ed4004b]" name="feature" class="cucumber.api.testng.AbstractTestNGCucumberTests"/>
      </group> <!-- cucumber -->
    </groups>
    <test name="Cucumber Test2" duration-ms="269593" started-at="2017-05-31T08:06:41Z" finished-at="2017-05-31T08:11:10Z">
      <class name="com.testrunner.TestRunner">
        <test-method status="PASS" signature="setUpClass()[pri:0, instance:com.testrunner.TestRunner@1ed4004b]" name="setUpClass" is-config="true" duration-ms="242" started-at="2017-05-31T13:36:41Z" finished-at="2017-05-31T13:36:41Z">
          <reporter-output>
          </reporter-output>
        </test-method> <!-- setUpClass -->
        <test-method status="PASS" signature="beforeSetup(java.lang.String)[pri:0, instance:com.testrunner.TestRunner@1ed4004b]" name="beforeSetup" is-config="true" duration-ms="2498" started-at="2017-05-31T13:36:41Z" finished-at="2017-05-31T13:36:44Z">
          <params>
            <param index="0">
              <value>
                <![CDATA[Chrome]]>
              </value>
            </param>
          </params>
          <reporter-output>
          </reporter-output>
        </test-method> <!-- beforeSetup -->
        <test-method status="PASS" signature="feature(cucumber.api.testng.CucumberFeatureWrapper)[pri:0, instance:com.testrunner.TestRunner@1ed4004b]" name="feature" duration-ms="177492" started-at="2017-05-31T13:36:44Z" description="Runs Cucumber Feature" data-provider="features" finished-at="2017-05-31T13:39:41Z">
          <params>
            <param index="0">
              <value>
                <![CDATA[Buy Insurance Functionality]]>
              </value>
            </param>
          </params>
          <reporter-output>
          </reporter-output>
        </test-method> <!-- feature -->
        <test-method status="PASS" signature="feature(cucumber.api.testng.CucumberFeatureWrapper)[pri:0, instance:com.testrunner.TestRunner@1ed4004b]" name="feature" duration-ms="60464" started-at="2017-05-31T13:39:41Z" description="Runs Cucumber Feature" data-provider="features" finished-at="2017-05-31T13:40:42Z">
          <params>
            <param index="0">
              <value>
                <![CDATA[BrokenLink Functionality]]>
              </value>
            </param>
          </params>
          <reporter-output>
          </reporter-output>
        </test-method> <!-- feature -->
        <test-method status="FAIL" signature="feature(cucumber.api.testng.CucumberFeatureWrapper)[pri:0, instance:com.testrunner.TestRunner@1ed4004b]" name="feature" duration-ms="9406" started-at="2017-05-31T13:40:42Z" description="Runs Cucumber Feature" data-provider="features" finished-at="2017-05-31T13:40:51Z">
          <params>
            <param index="0">
              <value>
                <![CDATA[Login Functionality]]>
              </value>
            </param>
          </params>
          <exception class="cucumber.runtime.CucumberException">
            <message>
              <![CDATA[java.lang.AssertionError: expected [Incorrect User-ID password. You have] but found [Incorrect User-ID passowrd. You have]]]>
            </message>
            <full-stacktrace>
              <![CDATA[cucumber.runtime.CucumberException: java.lang.AssertionError: expected [Incorrect User-ID password. You have] but found [Incorrect User-ID passowrd. You have]
	at cucumber.api.testng.TestNGCucumberRunner.runCucumber(TestNGCucumberRunner.java:69)
	at cucumber.api.testng.AbstractTestNGCucumberTests.feature(AbstractTestNGCucumberTests.java:21)
	at sun.reflect.NativeMethodAccessorImpl.invoke0(Native Method)
	at sun.reflect.NativeMethodAccessorImpl.invoke(NativeMethodAccessorImpl.java:62)
	at sun.reflect.DelegatingMethodAccessorImpl.invoke(DelegatingMethodAccessorImpl.java:43)
	at java.lang.reflect.Method.invoke(Method.java:498)
	at org.testng.internal.MethodInvocationHelper.invokeMethod(MethodInvocationHelper.java:108)
	at org.testng.internal.Invoker.invokeMethod(Invoker.java:661)
	at org.testng.internal.Invoker.invokeTestMethod(Invoker.java:869)
	at org.testng.internal.Invoker.invokeTestMethods(Invoker.java:1193)
	at org.testng.internal.TestMethodWorker.invokeTestMethods(TestMethodWorker.java:126)
	at org.testng.internal.TestMethodWorker.run(TestMethodWorker.java:109)
	at org.testng.TestRunner.privateRun(TestRunner.java:744)
	at org.testng.TestRunner.run(TestRunner.java:602)
	at org.testng.SuiteRunner.runTest(SuiteRunner.java:380)
	at org.testng.SuiteRunner.runSequentially(SuiteRunner.java:375)
	at org.testng.SuiteRunner.privateRun(SuiteRunner.java:340)
	at org.testng.SuiteRunner.run(SuiteRunner.java:289)
	at org.testng.SuiteRunnerWorker.runSuite(SuiteRunnerWorker.java:52)
	at org.testng.SuiteRunnerWorker.run(SuiteRunnerWorker.java:86)
	at org.testng.TestNG.runSuitesSequentially(TestNG.java:1301)
	at org.testng.TestNG.runSuitesLocally(TestNG.java:1226)
	at org.testng.TestNG.runSuites(TestNG.java:1144)
	at org.testng.TestNG.run(TestNG.java:1115)
	at org.testng.remote.AbstractRemoteTestNG.run(AbstractRemoteTestNG.java:132)
	at org.testng.remote.RemoteTestNG.initAndRun(RemoteTestNG.java:230)
	at org.testng.remote.RemoteTestNG.main(RemoteTestNG.java:76)
Caused by: java.lang.AssertionError: expected [Incorrect User-ID password. You have] but found [Incorrect User-ID passowrd. You have]
	at org.testng.Assert.fail(Assert.java:93)
	at org.testng.Assert.failNotEquals(Assert.java:512)
	at org.testng.Assert.assertEqualsImpl(Assert.java:134)
	at org.testng.Assert.assertEquals(Assert.java:115)
	at org.testng.Assert.assertEquals(Assert.java:189)
	at org.testng.Assert.assertEquals(Assert.java:199)
	at com.pageobjects.LoginPage.enterLoginDetails(LoginPage.java:29)
	at com.pagedefinitions.LoginPageStepDefinition.enterLoginDetails(LoginPageStepDefinition.java:18)
	at âœ½.And you enter valid "ashwin" and "karangutkar"(LoginFeature.feature:5)
]]>
            </full-stacktrace>
          </exception> <!-- cucumber.runtime.CucumberException -->
          <reporter-output>
          </reporter-output>
        </test-method> <!-- feature -->
        <test-method status="PASS" signature="feature(cucumber.api.testng.CucumberFeatureWrapper)[pri:0, instance:com.testrunner.TestRunner@1ed4004b]" name="feature" duration-ms="14289" started-at="2017-05-31T13:40:51Z" description="Runs Cucumber Feature" data-provider="features" finished-at="2017-05-31T13:41:05Z">
          <params>
            <param index="0">
              <value>
                <![CDATA[Signup Functionality]]>
              </value>
            </param>
          </params>
          <reporter-output>
          </reporter-output>
        </test-method> <!-- feature -->
        <test-method status="PASS" signature="shutDown(java.lang.String)[pri:0, instance:com.testrunner.TestRunner@1ed4004b]" name="shutDown" is-config="true" duration-ms="5073" started-at="2017-05-31T13:41:05Z" finished-at="2017-05-31T13:41:10Z">
          <params>
            <param index="0">
              <value>
                <![CDATA[Chrome]]>
              </value>
            </param>
          </params>
          <reporter-output>
          </reporter-output>
        </test-method> <!-- shutDown -->
        <test-method status="PASS" signature="tearDownClass()[pri:0, instance:com.testrunner.TestRunner@1ed4004b]" name="tearDownClass" is-config="true" duration-ms="17" started-at="2017-05-31T13:41:10Z" finished-at="2017-05-31T13:41:10Z">
          <reporter-output>
          </reporter-output>
        </test-method> <!-- tearDownClass -->
      </class> <!-- com.testrunner.TestRunner -->
    </test> <!-- Cucumber Test2 -->
  </suite> <!-- Cucumber Suite -->
</testng-results>
